InnoDB: using atomic writes.
2021-05-09 15:46:49 0 [Note] InnoDB: Mutexes and rw_locks use Windows interlocked functions
2021-05-09 15:46:49 0 [Note] InnoDB: Uses event mutexes
2021-05-09 15:46:49 0 [Note] InnoDB: Compressed tables use zlib 1.2.11
2021-05-09 15:46:49 0 [Note] InnoDB: Number of pools: 1
2021-05-09 15:46:49 0 [Note] InnoDB: Using SSE2 crc32 instructions
2021-05-09 15:46:49 0 [Note] InnoDB: Initializing buffer pool, total size = 16M, instances = 1, chunk size = 16M
2021-05-09 15:46:49 0 [Note] InnoDB: Completed initialization of buffer pool
2021-05-09 15:46:49 0 [Note] InnoDB: Starting crash recovery from checkpoint LSN=300288
2021-05-09 15:46:49 0 [Note] InnoDB: 128 out of 128 rollback segments are active.
2021-05-09 15:46:49 0 [Note] InnoDB: Removed temporary tablespace data file: "ibtmp1"
2021-05-09 15:46:49 0 [Note] InnoDB: Creating shared tablespace for temporary tables
2021-05-09 15:46:49 0 [Note] InnoDB: Setting file 'C:\xampp\mysql\data\ibtmp1' size to 12 MB. Physically writing the file full; Please wait ...
2021-05-09 15:46:49 0 [Note] InnoDB: File 'C:\xampp\mysql\data\ibtmp1' size is now 12 MB.
2021-05-09 15:46:49 0 [Note] InnoDB: Waiting for purge to start
2021-05-09 15:46:49 0 [Note] InnoDB: 10.4.18 started; log sequence number 300297; transaction id 170
2021-05-09 15:46:49 0 [Note] InnoDB: Loading buffer pool(s) from C:\xampp\mysql\data\ib_buffer_pool
2021-05-09 15:46:49 0 [Note] Plugin 'FEEDBACK' is disabled.
2021-05-09 15:46:49 0 [Note] Server socket created on IP: '::'.
2021-05-09 15:46:49 0 [Note] InnoDB: Buffer pool(InnoDB: using atomic writes.
2021-05-09 19:09:17 0 [Note] InnoDB: Mutexes and rw_locks use Windows interlocked functions
2021-05-09 19:09:17 0 [Note] InnoDB: Uses event mutexes
2021-05-09 19:09:17 0 [Note] InnoDB: Compressed tables use zlib 1.2.11
2021-05-09 19:09:17 0 [Note] InnoDB: Number of pools: 1
2021-05-09 19:09:17 0 [Note] InnoDB: Using SSE2 crc32 instructions
2021-05-09 19:09:17 0 [Note] InnoDB: Initializing buffer pool, total size = 16M, instances = 1, chunk size = 16M
2021-05-09 19:09:17 0 [Note] InnoDB: Completed initialization of buffer pool
2021-05-09 19:09:17 0 [Note] InnoDB: Starting crash recovery from checkpoint LSN=476013
2021-05-09 19:09:17 0 [Note] InnoDB: 128 out of 128 rollback segments are active.
2021-05-09 19:09:17 0 [Note] InnoDB: Removed temporary tablespace data file: "ibtmp1"
2021-05-09 19:09:17 0 [Note] InnoDB: Creating shared tablespace for temporary tables
2021-05-09 19:09:17 0 [Note] InnoDB: Setting file 'C:\xampp\mysql\data\ibtmp1' size to 12 MB. Physically writing the file full; Please wait ...
2021-05-09 19:09:17 0 [Note] InnoDB: File 'C:\xampp\mysql\data\ibtmp1' size is now 12 MB.
2021-05-09 19:09:17 0 [Note] InnoDB: Waiting for purge to start
2021-05-09 19:09:17 0 [Note] InnoDB: 10.4.18 started; log sequence number 476022; transaction id 610
2021-05-09 19:09:17 0 [Note] InnoDB: Loading buffer pool(s) from C:\xampp\mysql\data\ib_buffer_pool
2021-05-09 19:09:17 0 [Note] Plugin 'FEEDBACK' is disabled.
2021-05-09 19:09:17 0 [Note] Server socket created on IP: '::'.
InnoDB: using atomic writes.
2021-05-10 15:11:39 0 [Note] InnoDB: Mutexes and rw_locks use Windows interlocked functions
2021-05-10 15:11:39 0 [Note] InnoDB: Uses event mutexes
2021-05-10 15:11:39 0 [Note] InnoDB: Compressed tables use zlib 1.2.11
2021-05-10 15:11:39 0 [Note] InnoDB: Number of pools: 1
2021-05-10 15:11:39 0 [Note] InnoDB: Using SSE2 crc32 instructions
2021-05-10 15:11:39 0 [Note] InnoDB: Initializing buffer pool, total size = 16M, instances = 1, chunk size = 16M
2021-05-10 15:11:39 0 [Note] InnoDB: Completed initialization of buffer pool
2021-05-10 15:11:40 0 [Note] InnoDB: Starting crash recovery from checkpoint LSN=476031
2021-05-10 15:11:40 0 [Note] InnoDB: 128 out of 128 rollback segments are active.
2021-05-10 15:11:40 0 [Note] InnoDB: Removed temporary tablespace data file: "ibtmp1"
2021-05-10 15:11:40 0 [Note] InnoDB: Creating shared tablespace for temporary tables
2021-05-10 15:11:40 0 [Note] InnoDB: Setting file 'C:\xampp\mysql\data\ibtmp1' size to 12 MB. Physically writing the file full; Please wait ...
2021-05-10 15:11:40 0 [Note] InnoDB: File 'C:\xampp\mysql\data\ibtmp1' size is now 12 MB.
2021-05-10 15:11:40 0 [Note] InnoDB: Waiting for purge to start
2021-05-10 15:11:40 0 [Note] InnoDB: 10.4.18 started; log sequence number 476040; transaction id 610
2021-05-10 15:11:40 0 [Note] InnoDB: Loading buffer pool(s) from C:\xampp\mysql\data\ib_buffer_pool
2021-05-10 15:11:40 0 [Note] Plugin 'FEEDBACK' is disabled.
2021-05-10 15:11:40 0 [Note] InnoDB: Buffer pool(s) load completed at 210510 15:11:40
2021-05-10 15:11:40 0 [Note] Server socket created on IP: '::'.
InnoDB: using atomic writes.
2021-05-11 13:00:11 0 [Note] InnoDB: Mutexes and rw_locks use Windows interlocked functions
2021-05-11 13:00:11 0 [Note] InnoDB: Uses event mutexes
2021-05-11 13:00:11 0 [Note] InnoDB: Compressed tables use zlib 1.2.11
2021-05-11 13:00:11 0 [Note] InnoDB: Number of pools: 1
2021-05-11 13:00:11 0 [Note] InnoDB: Using SSE2 crc32 instructions
2021-05-11 13:00:11 0 [Note] InnoDB: Initializing buffer pool, total size = 16M, instances = 1, chunk size = 16M
2021-05-11 13:00:11 0 [Note] InnoDB: Completed initialization of buffer pool
2021-05-11 13:00:11 0 [Note] InnoDB: Starting crash recovery from checkpoint LSN=560259
2021-05-11 13:00:12 0 [Note] InnoDB: 128 out of 128 rollback segments are active.
2021-05-11 13:00:12 0 [Note] InnoDB: Removed temporary tablespace data file: "ibtmp1"
2021-05-11 13:00:12 0 [Note] InnoDB: Creating shared tablespace for temporary tables
2021-05-11 13:00:12 0 [Note] InnoDB: Setting file 'C:\xampp\mysql\data\ibtmp1' size to 12 MB. Physically writing the file full; Please wait ...
2021-05-11 13:00:12 0 [Note] InnoDB: File 'C:\xampp\mysql\data\ibtmp1' size is now 12 MB.
2021-05-11 13:00:12 0 [Note] InnoDB: Waiting for purge to start
2021-05-11 13:00:12 0 [Note] InnoDB: 10.4.18 started; log sequence number 560268; transaction id 911
2021-05-11 13:00:12 0 [Note] InnoDB: Loading buffer pool(s) from C:\xampp\mysql\data\ib_buffer_pool
2021-05-11 13:00:12 0 [Note] Plugin 'FEEDBACK' is disabled.
2021-05-11 13:00:12 0 [Note] InnoDB: Buffer pool(s) load completed at 210511 13:00:12
2021-05-11 13:00:12 0 [Note] Server socket created on IP: '::'.
InnoDB: using atomic writes.
2021-05-11 16:23:37 0 [Note] InnoDB: Mutexes and rw_locks use Windows interlocked functions
2021-05-11 16:23:37 0 [Note] InnoDB: Uses event mutexes
2021-05-11 16:23:37 0 [Note] InnoDB: Compressed tables use zlib 1.2.11
2021-05-11 16:23:37 0 [Note] InnoDB: Number of pools: 1
2021-05-11 16:23:37 0 [Note] InnoDB: Using SSE2 crc32 instructions
2021-05-11 16:23:37 0 [Note] InnoDB: Initializing buffer pool, total size = 16M, instances = 1, chunk size = 16M
2021-05-11 16:23:37 0 [Note] InnoDB: Completed initialization of buffer pool
2021-05-11 16:23:37 0 [Note] InnoDB: Starting crash recovery from checkpoint LSN=854663
2021-05-11 16:23:37 0 [Note] InnoDB: 128 out of 128 rollback segments are active.
2021-05-11 16:23:37 0 [Note] InnoDB: Removed temporary tablespace data file: "ibtmp1"
2021-05-11 16:23:37 0 [Note] InnoDB: Creating shared tablespace for temporary tables
2021-05-11 16:23:37 0 [Note] InnoDB: Setting file 'C:\xampp\mysql\data\ibtmp1' size to 12 MB. Physically writing the file full; Please wait ...
2021-05-11 16:23:37 0 [Note] InnoDB: File 'C:\xampp\mysql\data\ibtmp1' size is now 12 MB.
2021-05-11 16:23:37 0 [Note] InnoDB: Waiting for purge to start
2021-05-11 16:23:37 0 [Note] InnoDB: 10.4.18 started; log sequence number 854672; transaction id 1885
2021-05-11 16:23:37 0 [Note] InnoDB: Loading buffer pool(s) from C:\xampp\mysql\data\ib_buffer_pool
2021-05-11 16:23:37 0 [Note] Plugin 'FEEDBACK' is disabled.
2021-05-11 16:23:37 0 [Note] Server socket created on IP: '::'.
InnoDB: using atomic writes.
2021-05-12 16:44:50 0 [Note] InnoDB: Mutexes and rw_locks use Windows interlocked functions
2021-05-12 16:44:50 0 [Note] InnoDB: Uses event mutexes
2021-05-12 16:44:50 0 [Note] InnoDB: Compressed tables use zlib 1.2.11
2021-05-12 16:44:50 0 [Note] InnoDB: Number of pools: 1
2021-05-12 16:44:50 0 [Note] InnoDB: Using SSE2 crc32 instructions
2021-05-12 16:44:50 0 [Note] InnoDB: Initializing buffer pool, total size = 16M, instances = 1, chunk size = 16M
2021-05-12 16:44:50 0 [Note] InnoDB: Completed initialization of buffer pool
2021-05-12 16:44:50 0 [Note] InnoDB: Starting crash recovery from checkpoint LSN=854663
2021-05-12 16:44:51 0 [Note] InnoDB: 128 out of 128 rollback segments are active.
2021-05-12 16:44:51 0 [Note] InnoDB: Removed temporary tablespace data file: "ibtmp1"
2021-05-12 16:44:51 0 [Note] InnoDB: Creating shared tablespace for temporary tables
2021-05-12 16:44:51 0 [Note] InnoDB: Setting file 'C:\xampp\mysql\data\ibtmp1' size to 12 MB. Physically writing the file full; Please wait ...
2021-05-12 16:44:51 0 [Note] InnoDB: File 'C:\xampp\mysql\data\ibtmp1' size is now 12 MB.
2021-05-12 16:44:51 0 [Note] InnoDB: Waiting for purge to start
2021-05-12 16:44:51 0 [Note] InnoDB: 10.4.18 started; log sequence number 854672; transaction id 1885
2021-05-12 16:44:51 0 [Note] InnoDB: Loading buffer pool(s) from C:\xampp\mysql\data\ib_buffer_pool
2021-05-12 16:44:51 0 [Note] Plugin 'FEEDBACK' is disabled.
2021-05-12 16:44:51 0 [Note] InnoDB: Buffer pool(s) load completed at 210512 16:44:51
2021-05-12 16:44:51 0 [Note] Server socket created on IP: '::'.
InnoDB: using atomic writes.
2021-05-13 15:24:47 0 [Note] InnoDB: Mutexes and rw_locks use Windows interlocked functions
2021-05-13 15:24:47 0 [Note] InnoDB: Uses event mutexes
2021-05-13 15:24:47 0 [Note] InnoDB: Compressed tables use zlib 1.2.11
2021-05-13 15:24:47 0 [Note] InnoDB: Number of pools: 1
2021-05-13 15:24:47 0 [Note] InnoDB: Using SSE2 crc32 instructions
2021-05-13 15:24:47 0 [Note] InnoDB: Initializing buffer pool, total size = 16M, instances = 1, chunk size = 16M
2021-05-13 15:24:47 0 [Note] InnoDB: Completed initialization of buffer pool
2021-05-13 15:24:47 0 [Note] InnoDB: Starting crash recovery from checkpoint LSN=915434
2021-05-13 15:24:48 0 [Note] InnoDB: 128 out of 128 rollback segments are active.
2021-05-13 15:24:48 0 [Note] InnoDB: Removed temporary tablespace data file: "ibtmp1"
2021-05-13 15:24:48 0 [Note] InnoDB: Creating shared tablespace for temporary tables
2021-05-13 15:24:48 0 [Note] InnoDB: Setting file 'C:\xampp\mysql\data\ibtmp1' size to 12 MB. Physically writing the file full; Please wait ...
2021-05-13 15:24:48 0 [Note] InnoDB: File 'C:\xampp\mysql\data\ibtmp1' size is now 12 MB.
2021-05-13 15:24:48 0 [Note] InnoDB: Waiting for purge to start
2021-05-13 15:24:48 0 [Note] InnoDB: 10.4.18 started; log sequence number 915443; transaction id 2065
2021-05-13 15:24:48 0 [Note] InnoDB: Loading buffer pool(s) from C:\xampp\mysql\data\ib_buffer_pool
2021-05-13 15:24:48 0 [Note] Plugin 'FEEDBACK' is disabled.
2021-05-13 15:24:48 0 [Note] InnoDB: Buffer pool(s) load completed at 210513 15:24:48
2021-05-13 15:24:48 0 [Note] Server socket created on IP: '::'.
InnoDB: using atomic writes.
2021-05-14 16:49:22 0 [Note] InnoDB: Mutexes and rw_locks use Windows interlocked functions
2021-05-14 16:49:22 0 [Note] InnoDB: Uses event mutexes
2021-05-14 16:49:22 0 [Note] InnoDB: Compressed tables use zlib 1.2.11
2021-05-14 16:49:22 0 [Note] InnoDB: Number of pools: 1
2021-05-14 16:49:22 0 [Note] InnoDB: Using SSE2 crc32 instructions
2021-05-14 16:49:22 0 [Note] InnoDB: Initializing buffer pool, total size = 16M, instances = 1, chunk size = 16M
2021-05-14 16:49:22 0 [Note] InnoDB: Completed initialization of buffer pool
2021-05-14 16:49:22 0 [Note] InnoDB: Starting crash recovery from checkpoint LSN=972146
2021-05-14 16:49:23 0 [Note] InnoDB: 128 out of 128 rollback segments are active.
2021-05-14 16:49:23 0 [Note] InnoDB: Removed temporary tablespace data file: "ibtmp1"
2021-05-14 16:49:23 0 [Note] InnoDB: Creating shared tablespace for temporary tables
2021-05-14 16:49:23 0 [Note] InnoDB: Setting file 'C:\xampp\mysql\data\ibtmp1' size to 12 MB. Physically writing the file full; Please wait ...
2021-05-14 16:49:23 0 [Note] InnoDB: File 'C:\xampp\mysql\data\ibtmp1' size is now 12 MB.
2021-05-14 16:49:23 0 [Note] InnoDB: Waiting for purge to start
2021-05-14 16:49:23 0 [Note] InnoDB: 10.4.18 started; log sequence number 972155; transaction id 2267
2021-05-14 16:49:23 0 [Note] InnoDB: Loading buffer pool(s) from C:\xampp\mysql\data\ib_buffer_pool
2021-05-14 16:49:23 0 [Note] Plugin 'FEEDBACK' is disabled.
2021-05-14 16:49:23 0 [Note] InnoDB: Buffer pool(s) load completed at 210514 16:49:23
2021-05-14 16:49:23 0 [Note] Server socket created on IP: '::'.
InnoDB: using atomic writes.
2021-05-19 13:15:28 0 [Note] InnoDB: Mutexes and rw_locks use Windows interlocked functions
2021-05-19 13:15:28 0 [Note] InnoDB: Uses event mutexes
2021-05-19 13:15:28 0 [Note] InnoDB: Compressed tables use zlib 1.2.11
2021-05-19 13:15:28 0 [Note] InnoDB: Number of pools: 1
2021-05-19 13:15:28 0 [Note] InnoDB: Using SSE2 crc32 instructions
2021-05-19 13:15:28 0 [Note] InnoDB: Initializing buffer pool, total size = 16M, instances = 1, chunk size = 16M
2021-05-19 13:15:28 0 [Note] InnoDB: Completed initialization of buffer pool
2021-05-19 13:15:28 0 [Note] InnoDB: Starting crash recovery from checkpoint LSN=1089137
2021-05-19 13:15:29 0 [Note] InnoDB: 128 out of 128 rollback segments are active.
2021-05-19 13:15:29 0 [Note] InnoDB: Removed temporary tablespace data file: "ibtmp1"
2021-05-19 13:15:29 0 [Note] InnoDB: Creating shared tablespace for temporary tables
2021-05-19 13:15:29 0 [Note] InnoDB: Setting file 'C:\xampp\mysql\data\ibtmp1' size to 12 MB. Physically writing the file full; Please wait ...
2021-05-19 13:15:29 0 [Note] InnoDB: File 'C:\xampp\mysql\data\ibtmp1' size is now 12 MB.
2021-05-19 13:15:29 0 [Note] InnoDB: Waiting for purge to start
2021-05-19 13:15:29 0 [Note] InnoDB: 10.4.18 started; log sequence number 1089146; transaction id 2675
2021-05-19 13:15:29 0 [Note] InnoDB: Loading buffer pool(s) from C:\xampp\mysql\data\ib_buffer_pool
2021-05-19 13:15:29 0 [Note] Plugin 'FEEDBACK' is disabled.
2021-05-19 13:15:29 0 [Note] Server socket created on IP: '::'.
